<?xml version="1.0" encoding="UTF-8"?>
<!-- Generated by org.testng.reporters.JUnitReportReporter -->
<testsuite hostname="LAPTOP-2BICGPTD" failures="0" tests="1" name="com.ui.tests.LoginTest" time="3.089" errors="0" timestamp="2025-04-28T13:47:32 IST" skipped="0">
  <testcase classname="com.ui.tests.LoginTest" name="loginTest" time="3.089"/>
</testsuite> <!-- com.ui.tests.LoginTest -->
